<?xml version="1.0" encoding="UTF-8"?>
<testng-results ignored="0" total="1" passed="1" failed="0" skipped="0">
  <reporter-output>
    <line>
      <![CDATA[Setting up reports and test is getting ready]]>
    </line>
    <line>
      <![CDATA[Setting Done reports and test can be started]]>
    </line>
    <line>
      <![CDATA[Trying to start browser and getting application ready]]>
    </line>
    <line>
      <![CDATA[Browser and Application is up and running]]>
    </line>
    <line>
      <![CDATA[Test is about to end]]>
    </line>
    <line>
      <![CDATA[Test Completed >>> Reports Generated]]>
    </line>
  </reporter-output>
  <suite started-at="2022-06-21T02:25:35 IST" name="Default suite" finished-at="2022-06-21T02:25:47 IST" duration-ms="11527">
    <groups>
    </groups>
    <test started-at="2022-06-21T02:25:35 IST" name="Default test" finished-at="2022-06-21T02:25:47 IST" duration-ms="11527">
      <class name="com.learnautomation.testcases.LoginTestCRM">
        <test-method is-config="true" signature="setupSuite()[pri:0, instance:com.learnautomation.testcases.LoginTestCRM@459e9125]" started-at="2022-06-21T02:25:35 IST" name="setupSuite" finished-at="2022-06-21T02:25:35 IST" duration-ms="912" status="PASS">
          <reporter-output>
            <line>
              <![CDATA[Setting up reports and test is getting ready]]>
            </line>
            <line>
              <![CDATA[Setting Done reports and test can be started]]>
            </line>
          </reporter-output>
        </test-method> <!-- setupSuite -->
        <test-method is-config="true" signature="setup()[pri:0, instance:com.learnautomation.testcases.LoginTestCRM@459e9125]" started-at="2022-06-21T02:25:36 IST" name="setup" finished-at="2022-06-21T02:25:43 IST" duration-ms="7255" status="PASS">
          <reporter-output>
            <line>
              <![CDATA[Trying to start browser and getting application ready]]>
            </line>
            <line>
              <![CDATA[Browser and Application is up and running]]>
            </line>
          </reporter-output>
        </test-method> <!-- setup -->
        <test-method signature="loginToApp()[pri:0, instance:com.learnautomation.testcases.LoginTestCRM@459e9125]" started-at="2022-06-21T02:25:43 IST" name="loginToApp" finished-at="2022-06-21T02:25:46 IST" duration-ms="3161" status="PASS">
          <reporter-output>
          </reporter-output>
        </test-method> <!-- loginToApp -->
        <test-method is-config="true" signature="tearDownMethod(org.testng.ITestResult)[pri:0, instance:com.learnautomation.testcases.LoginTestCRM@459e9125]" started-at="2022-06-21T02:25:46 IST" name="tearDownMethod" finished-at="2022-06-21T02:25:47 IST" duration-ms="730" status="PASS">
          <params>
            <param index="0">
              <value>
                <![CDATA[[TestResult name=loginToApp status=SUCCESS method=LoginTestCRM.loginToApp()[pri:0, instance:com.learnautomation.testcases.LoginTestCRM@459e9125] output={null}]]]>
              </value>
            </param>
          </params>
          <reporter-output>
            <line>
              <![CDATA[Test is about to end]]>
            </line>
            <line>
              <![CDATA[Test Completed >>> Reports Generated]]>
            </line>
          </reporter-output>
        </test-method> <!-- tearDownMethod -->
        <test-method is-config="true" signature="tearDown()[pri:0, instance:com.learnautomation.testcases.LoginTestCRM@459e9125]" started-at="2022-06-21T02:25:47 IST" name="tearDown" finished-at="2022-06-21T02:25:47 IST" duration-ms="330" status="PASS">
          <reporter-output>
          </reporter-output>
        </test-method> <!-- tearDown -->
      </class> <!-- com.learnautomation.testcases.LoginTestCRM -->
    </test> <!-- Default test -->
  </suite> <!-- Default suite -->
</testng-results>
